  [1m[36mSQL (0.2ms)[0m  [1m SELECT name
 FROM sqlite_master
 WHERE type = 'table' AND NOT name = 'sqlite_sequence'
[0m
  [1m[35mSQL (0.1ms)[0m  select sqlite_version(*)
  [1m[36mSQL (2.6ms)[0m  [1mCREATE TABLE "schema_migrations" ("version" varchar(255) NOT NULL) [0m
  [1m[35mSQL (0.1ms)[0m  PRAGMA index_list("schema_migrations")
  [1m[36mSQL (1.3ms)[0m  [1mCREATE UNIQUE INDEX "unique_schema_migrations" ON "schema_migrations" ("version")[0m
  [1m[35mSQL (0.2ms)[0m   SELECT name
 FROM sqlite_master
 WHERE type = 'table' AND NOT name = 'sqlite_sequence'
  [1m[36mSQL (0.2ms)[0m  [1m SELECT name
 FROM sqlite_master
 WHERE type = 'table' AND NOT name = 'sqlite_sequence'
[0m
  [1m[35mSQL (0.1ms)[0m  SELECT "schema_migrations"."version" FROM "schema_migrations"
Migrating to CreateCategories (20110211175637)
  [1m[36mSQL (0.5ms)[0m  [1mCREATE TABLE "categories" ("id" INTEGER PRIMARY KEY AUTOINCREMENT NOT NULL, "parent_id" integer, "name" varchar(255), "created_at" datetime, "updated_at" datetime) [0m
  [1m[35mSQL (0.1ms)[0m  INSERT INTO "schema_migrations" ("version") VALUES ('20110211175637')
Migrating to CreateTerms (20110211175657)
  [1m[36mSQL (0.5ms)[0m  [1mCREATE TABLE "terms" ("id" INTEGER PRIMARY KEY AUTOINCREMENT NOT NULL, "category" integer, "name" varchar(255), "content" text, "created_at" datetime, "updated_at" datetime) [0m
  [1m[35mSQL (0.1ms)[0m  INSERT INTO "schema_migrations" ("version") VALUES ('20110211175657')
Migrating to TermCatToCatId (20110213020213)
  [1m[36mSQL (77.1ms)[0m  [1mCREATE TEMPORARY TABLE "altered_terms" ("id" INTEGER PRIMARY KEY AUTOINCREMENT NOT NULL, "category_id" integer, "name" varchar(255), "content" text, "created_at" datetime, "updated_at" datetime) [0m
  [1m[35mSQL (0.1ms)[0m  PRAGMA index_list("terms")
  [1m[36mSQL (0.8ms)[0m  [1mDROP TABLE "terms"[0m
  [1m[35mSQL (0.2ms)[0m  CREATE TABLE "terms" ("id" INTEGER PRIMARY KEY AUTOINCREMENT NOT NULL, "category_id" integer, "name" varchar(255), "content" text, "created_at" datetime, "updated_at" datetime) 
  [1m[36mSQL (0.0ms)[0m  [1mPRAGMA index_list("altered_terms")[0m
  [1m[35mSQL (0.4ms)[0m  DROP TABLE "altered_terms"
  [1m[36mSQL (0.1ms)[0m  [1mINSERT INTO "schema_migrations" ("version") VALUES ('20110213020213')[0m
  [1m[35mSQL (0.2ms)[0m   SELECT name
 FROM sqlite_master
 WHERE type = 'table' AND NOT name = 'sqlite_sequence'
  [1m[36mSQL (0.1ms)[0m  [1mSELECT "schema_migrations"."version" FROM "schema_migrations"[0m
  [1m[35mSQL (0.1ms)[0m   SELECT name
 FROM sqlite_master
 WHERE type = 'table' AND NOT name = 'sqlite_sequence'
  [1m[36mSQL (0.0ms)[0m  [1mPRAGMA index_list("categories")[0m
  [1m[35mSQL (0.0ms)[0m  PRAGMA index_list("terms")


Started GET "/" for 127.0.0.1 at Thu Jun 02 00:22:23 +0200 2011
  Processing by CategoriesController#list as HTML
  Parameters: {"id"=>0}
Completed 401 Unauthorized in 1ms


Started GET "/" for 127.0.0.1 at Thu Jun 02 00:22:29 +0200 2011
  Processing by CategoriesController#list as HTML
  Parameters: {"id"=>0}
  [1m[36mSQL (0.5ms)[0m  [1m SELECT name
 FROM sqlite_master
 WHERE type = 'table' AND NOT name = 'sqlite_sequence'
[0m
  [1m[35mCategory Load (0.2ms)[0m  SELECT "categories".* FROM "categories" WHERE ("categories"."parent_id" = 0)
  [1m[36mTerm Load (0.2ms)[0m  [1mSELECT "terms".* FROM "terms" WHERE ("terms"."category_id" = 0)[0m
Rendered categories/list.html.erb within layouts/application (4.7ms)
Completed 200 OK in 92ms (Views: 11.1ms | ActiveRecord: 0.8ms)


Started GET "/term" for 127.0.0.1 at Thu Jun 02 00:23:40 +0200 2011

ActionController::RoutingError (No route matches "/term"):
  

Rendered /Library/Ruby/Gems/1.8/gems/actionpack-3.0.3/lib/action_dispatch/middleware/templates/rescues/routing_error.erb within rescues/layout (0.8ms)


Started GET "/terms" for 127.0.0.1 at Thu Jun 02 00:23:43 +0200 2011

ActionController::RoutingError (No route matches "/terms"):
  

Rendered /Library/Ruby/Gems/1.8/gems/actionpack-3.0.3/lib/action_dispatch/middleware/templates/rescues/routing_error.erb within rescues/layout (0.9ms)


Started GET "/categories/0/add" for 127.0.0.1 at Thu Jun 02 00:23:50 +0200 2011
  Processing by CategoriesController#add as HTML
  Parameters: {"id"=>"0"}
Rendered categories/_form.html.erb (39.0ms)
Rendered categories/add.html.erb within layouts/application (45.8ms)
Completed 200 OK in 70ms (Views: 52.9ms | ActiveRecord: 0.0ms)


Started GET "/categories/0/add" for 127.0.0.1 at Thu Jun 02 00:23:50 +0200 2011
  Processing by CategoriesController#add as HTML
  Parameters: {"id"=>"0"}
Rendered categories/_form.html.erb (3.5ms)
Rendered categories/add.html.erb within layouts/application (8.6ms)
Completed 200 OK in 26ms (Views: 14.4ms | ActiveRecord: 0.0ms)


Started POST "/categories" for 127.0.0.1 at Thu Jun 02 00:23:56 +0200 2011
  Processing by CategoriesController#create as HTML
  Parameters: {"commit"=>"Create Category", "category"=>{"name"=>"plop", "parent_id"=>"0"}, "authenticity_token"=>"BwdNjmiXNH/dbnQXsLGjZRAw9sm12sUaxhqGK6gbi5U=", "utf8"=>"✓"}
  [1m[35mAREL (0.5ms)[0m  INSERT INTO "categories" ("created_at", "updated_at", "name", "parent_id") VALUES ('2011-06-01 22:23:56.082403', '2011-06-01 22:23:56.082403', 'plop', 0)
Redirected to http://127.0.0.1:3000/categories/1/list
Completed 302 Found in 29ms


Started GET "/categories/1/list" for 127.0.0.1 at Thu Jun 02 00:23:56 +0200 2011
  Processing by CategoriesController#list as HTML
  Parameters: {"id"=>"1"}
  [1m[36mCategory Load (0.2ms)[0m  [1mSELECT "categories".* FROM "categories" WHERE ("categories"."parent_id" = 1)[0m
  [1m[35mTerm Load (1.8ms)[0m  SELECT "terms".* FROM "terms" WHERE ("terms"."category_id" = 1)
  [1m[36mCategory Load (0.2ms)[0m  [1mSELECT "categories".* FROM "categories" WHERE ("categories"."id" = 1) LIMIT 1[0m
  [1m[35mCACHE (0.0ms)[0m  SELECT "categories".* FROM "categories" WHERE ("categories"."id" = 1) LIMIT 1
Rendered categories/list.html.erb within layouts/application (5.5ms)
Completed 200 OK in 37ms (Views: 12.2ms | ActiveRecord: 2.2ms)


Started GET "/terms/1/add" for 127.0.0.1 at Thu Jun 02 00:23:58 +0200 2011
  Processing by TermsController#add as HTML
  Parameters: {"id"=>"1"}
  [1m[36mCategory Load (0.2ms)[0m  [1mSELECT "categories".* FROM "categories" WHERE ("categories"."id" = 1) LIMIT 1[0m
Rendered terms/_form.html.erb (6.1ms)
Rendered terms/add.html.erb within layouts/application (10.6ms)
Completed 200 OK in 40ms (Views: 17.0ms | ActiveRecord: 0.2ms)


Started POST "/terms" for 127.0.0.1 at Thu Jun 02 00:24:14 +0200 2011
  Processing by TermsController#create as HTML
  Parameters: {"commit"=>"Create Term", "term"=>{"name"=>"TEST", "category_id"=>"1", "content"=>"TEST"}, "authenticity_token"=>"BwdNjmiXNH/dbnQXsLGjZRAw9sm12sUaxhqGK6gbi5U=", "utf8"=>"✓"}
  [1m[35mAREL (0.4ms)[0m  INSERT INTO "terms" ("name", "content", "updated_at", "category_id", "created_at") VALUES ('TEST', 'TEST', '2011-06-01 22:24:14.966456', 1, '2011-06-01 22:24:14.966456')
Redirected to http://127.0.0.1:3000/categories/1/list
Completed 302 Found in 106ms


Started GET "/categories/1/list" for 127.0.0.1 at Thu Jun 02 00:24:14 +0200 2011
  Processing by CategoriesController#list as HTML
  Parameters: {"id"=>"1"}
  [1m[36mCategory Load (0.1ms)[0m  [1mSELECT "categories".* FROM "categories" WHERE ("categories"."parent_id" = 1)[0m
  [1m[35mTerm Load (0.2ms)[0m  SELECT "terms".* FROM "terms" WHERE ("terms"."category_id" = 1)
  [1m[36mCategory Load (0.2ms)[0m  [1mSELECT "categories".* FROM "categories" WHERE ("categories"."id" = 1) LIMIT 1[0m
  [1m[35mCACHE (0.0ms)[0m  SELECT "categories".* FROM "categories" WHERE ("categories"."id" = 1) LIMIT 1
Rendered categories/list.html.erb within layouts/application (9.4ms)
Completed 200 OK in 50ms (Views: 27.1ms | ActiveRecord: 1.1ms)


Started POST "/terms" for 127.0.0.1 at Thu Jun 02 00:26:08 +0200 2011
  Processing by TermsController#create as HTML
  Parameters: {"commit"=>"Create Term", "term"=>{"name"=>"TEST", "category_id"=>"1", "content"=>"TEST"}, "authenticity_token"=>"BwdNjmiXNH/dbnQXsLGjZRAw9sm12sUaxhqGK6gbi5U=", "utf8"=>"✓"}
  [1m[36mAREL (0.4ms)[0m  [1mINSERT INTO "terms" ("created_at", "name", "content", "category_id", "updated_at") VALUES ('2011-06-01 22:26:09.014797', 'TEST', 'TEST', 1, '2011-06-01 22:26:09.014797')[0m
Redirected to http://127.0.0.1:3000/categories/1/list
Completed 302 Found in 107ms


Started GET "/categories/1/list" for 127.0.0.1 at Thu Jun 02 00:26:09 +0200 2011
  Processing by CategoriesController#list as HTML
  Parameters: {"id"=>"1"}
  [1m[35mCategory Load (0.2ms)[0m  SELECT "categories".* FROM "categories" WHERE ("categories"."parent_id" = 1)
  [1m[36mTerm Load (0.3ms)[0m  [1mSELECT "terms".* FROM "terms" WHERE ("terms"."category_id" = 1)[0m
  [1m[35mCategory Load (0.2ms)[0m  SELECT "categories".* FROM "categories" WHERE ("categories"."id" = 1) LIMIT 1
  [1m[36mCACHE (0.0ms)[0m  [1mSELECT "categories".* FROM "categories" WHERE ("categories"."id" = 1) LIMIT 1[0m
Rendered categories/list.html.erb within layouts/application (10.0ms)
Completed 200 OK in 40ms (Views: 16.7ms | ActiveRecord: 1.0ms)


Started GET "/terms/2/edit" for 127.0.0.1 at Thu Jun 02 00:26:15 +0200 2011
  Processing by TermsController#edit as HTML
  Parameters: {"id"=>"2"}
  [1m[35mTerm Load (0.2ms)[0m  SELECT "terms".* FROM "terms" WHERE ("terms"."id" = 2) LIMIT 1
Rendered terms/_form.html.erb (7.3ms)
Rendered terms/edit.html.erb within layouts/application (13.4ms)
Completed 200 OK in 125ms (Views: 117.0ms | ActiveRecord: 0.2ms)


Started GET "/terms/2/edit" for 127.0.0.1 at Thu Jun 02 00:26:15 +0200 2011
  Processing by TermsController#edit as HTML
  Parameters: {"id"=>"2"}
  [1m[36mTerm Load (0.2ms)[0m  [1mSELECT "terms".* FROM "terms" WHERE ("terms"."id" = 2) LIMIT 1[0m
Rendered terms/_form.html.erb (7.2ms)
Rendered terms/edit.html.erb within layouts/application (13.0ms)
Completed 200 OK in 25ms (Views: 18.8ms | ActiveRecord: 0.2ms)


Started GET "/terms" for 127.0.0.1 at Thu Jun 02 00:26:20 +0200 2011

ActionController::RoutingError (No route matches "/terms"):
  

Rendered /Library/Ruby/Gems/1.8/gems/actionpack-3.0.3/lib/action_dispatch/middleware/templates/rescues/routing_error.erb within rescues/layout (0.9ms)


Started GET "/" for 127.0.0.1 at Thu Jun 02 00:39:05 +0200 2011
  Processing by CategoriesController#list as HTML
  Parameters: {"id"=>0}
Completed   in 1ms

NameError (undefined local variable or method `authenticate' for #<CategoriesController:0x1033a4428>):
  

Rendered /Library/Ruby/Gems/1.8/gems/actionpack-3.0.3/lib/action_dispatch/middleware/templates/rescues/_trace.erb (1.1ms)
Rendered /Library/Ruby/Gems/1.8/gems/actionpack-3.0.3/lib/action_dispatch/middleware/templates/rescues/_request_and_response.erb (5.0ms)
Rendered /Library/Ruby/Gems/1.8/gems/actionpack-3.0.3/lib/action_dispatch/middleware/templates/rescues/diagnostics.erb within rescues/layout (12.1ms)
  [1m[36mSQL (0.4ms)[0m  [1m SELECT name
 FROM sqlite_master
 WHERE type = 'table' AND NOT name = 'sqlite_sequence'
[0m
  [1m[35mSQL (0.1ms)[0m   SELECT name
 FROM sqlite_master
 WHERE type = 'table' AND NOT name = 'sqlite_sequence'
  [1m[36mSQL (0.1ms)[0m  [1mSELECT "schema_migrations"."version" FROM "schema_migrations"[0m
Migrating to CreateCategories (20110211175637)
Migrating to CreateTerms (20110211175657)
Migrating to TermCatToCatId (20110213020213)
Migrating to CreateUsers (20110601223032)
  [1m[35mSQL (0.1ms)[0m  select sqlite_version(*)
  [1m[36mSQL (0.5ms)[0m  [1mCREATE TABLE "users" ("id" INTEGER PRIMARY KEY AUTOINCREMENT NOT NULL, "login" varchar(255), "email" varchar(255), "password_hash" varchar(255), "password_salt" varchar(255), "created_at" datetime, "updated_at" datetime) [0m
  [1m[35mSQL (0.1ms)[0m  INSERT INTO "schema_migrations" ("version") VALUES ('20110601223032')
  [1m[36mSQL (0.3ms)[0m  [1m SELECT name
 FROM sqlite_master
 WHERE type = 'table' AND NOT name = 'sqlite_sequence'
[0m
  [1m[35mSQL (0.2ms)[0m  SELECT "schema_migrations"."version" FROM "schema_migrations"
  [1m[36mSQL (0.1ms)[0m  [1m SELECT name
 FROM sqlite_master
 WHERE type = 'table' AND NOT name = 'sqlite_sequence'
[0m
  [1m[35mSQL (0.0ms)[0m  PRAGMA index_list("categories")
  [1m[36mSQL (0.0ms)[0m  [1mPRAGMA index_list("terms")[0m
  [1m[35mSQL (0.0ms)[0m  PRAGMA index_list("users")


Started GET "/terms/2/edit" for 127.0.0.1 at Thu Jun 02 00:46:24 +0200 2011
  Processing by TermsController#edit as HTML
  Parameters: {"id"=>"2"}
Redirected to http://127.0.0.1:3000/sessions/new
Completed 302 Found in 1ms


Started GET "/sessions/new" for 127.0.0.1 at Thu Jun 02 00:46:24 +0200 2011
  Processing by SessionsController#new as HTML
  [1m[36mSQL (0.3ms)[0m  [1m SELECT name
 FROM sqlite_master
 WHERE type = 'table' AND NOT name = 'sqlite_sequence'
[0m
  [1m[35mUser Load (0.2ms)[0m  SELECT "users".* FROM "users" WHERE ("users"."login" IS NULL) LIMIT 1
Rendered sessions/new.html.erb within layouts/application (4.4ms)
Completed 200 OK in 139ms (Views: 10.7ms | ActiveRecord: 0.5ms)


Started GET "/sign_up" for 127.0.0.1 at Thu Jun 02 00:46:30 +0200 2011
  Processing by UsersController#new as HTML
Rendered users/new.html.erb within layouts/application (16.3ms)
Completed 200 OK in 33ms (Views: 23.3ms | ActiveRecord: 0.0ms)


Started POST "/users" for 127.0.0.1 at Thu Jun 02 00:46:40 +0200 2011
  Processing by UsersController#create as HTML
  Parameters: {"commit"=>"Create User", "authenticity_token"=>"BwdNjmiXNH/dbnQXsLGjZRAw9sm12sUaxhqGK6gbi5U=", "utf8"=>"✓", "user"=>{"password_confirmation"=>"[FILTERED]", "password"=>"[FILTERED]", "login"=>"tibshoot", "email"=>"tibshoot"}}
  [1m[36mUser Load (0.2ms)[0m  [1mSELECT "users"."id" FROM "users" WHERE ("users"."email" = 'tibshoot') LIMIT 1[0m
  [1m[35mAREL (0.5ms)[0m  INSERT INTO "users" ("email", "login", "updated_at", "password_hash", "password_salt", "created_at") VALUES ('tibshoot', 'tibshoot', '2011-06-01 22:46:40.344183', '$2a$10$wZfHCdRuXefGceCB/thKZOF0x8i.xetTgs0eGEoP.m3dQIJEsbyF6', '$2a$10$wZfHCdRuXefGceCB/thKZO', '2011-06-01 22:46:40.344183')
Redirected to http://127.0.0.1:3000/
Completed 302 Found in 153ms


Started GET "/" for 127.0.0.1 at Thu Jun 02 00:46:40 +0200 2011
  Processing by CategoriesController#list as HTML
  Parameters: {"id"=>0}
Redirected to http://127.0.0.1:3000/sessions/new
Completed 302 Found in 1ms


Started GET "/sessions/new" for 127.0.0.1 at Thu Jun 02 00:46:40 +0200 2011
  Processing by SessionsController#new as HTML
  [1m[36mUser Load (0.2ms)[0m  [1mSELECT "users".* FROM "users" WHERE ("users"."login" IS NULL) LIMIT 1[0m
Rendered sessions/new.html.erb within layouts/application (5.3ms)
Completed 200 OK in 24ms (Views: 11.4ms | ActiveRecord: 0.2ms)


Started POST "/sessions" for 127.0.0.1 at Thu Jun 02 00:46:46 +0200 2011

AbstractController::ActionNotFound (The action 'create' could not be found for SessionsController):
  

Rendered /Library/Ruby/Gems/1.8/gems/actionpack-3.0.3/lib/action_dispatch/middleware/templates/rescues/unknown_action.erb within rescues/layout (0.6ms)


Started POST "/sessions" for 127.0.0.1 at Thu Jun 02 00:47:30 +0200 2011
  Processing by SessionsController#create as HTML
  Parameters: {"commit"=>"Log in", "authenticity_token"=>"BwdNjmiXNH/dbnQXsLGjZRAw9sm12sUaxhqGK6gbi5U=", "utf8"=>"✓", "password"=>"[FILTERED]", "email"=>"tibshoot"}
  [1m[35mUser Load (0.2ms)[0m  SELECT "users".* FROM "users" WHERE ("users"."login" IS NULL) LIMIT 1
Rendered sessions/new.html.erb within layouts/application (5.5ms)
Completed 200 OK in 22ms (Views: 12.2ms | ActiveRecord: 0.2ms)


Started POST "/sessions" for 127.0.0.1 at Thu Jun 02 00:47:33 +0200 2011
  Processing by SessionsController#create as HTML
  Parameters: {"commit"=>"Log in", "authenticity_token"=>"BwdNjmiXNH/dbnQXsLGjZRAw9sm12sUaxhqGK6gbi5U=", "utf8"=>"✓", "password"=>"[FILTERED]", "email"=>"tibshoot"}
  [1m[36mUser Load (0.2ms)[0m  [1mSELECT "users".* FROM "users" WHERE ("users"."login" IS NULL) LIMIT 1[0m
Rendered sessions/new.html.erb within layouts/application (8.0ms)
Completed 200 OK in 28ms (Views: 14.9ms | ActiveRecord: 0.2ms)


Started POST "/sessions" for 127.0.0.1 at Thu Jun 02 00:49:03 +0200 2011
  Processing by SessionsController#create as HTML
  Parameters: {"commit"=>"Log in", "authenticity_token"=>"BwdNjmiXNH/dbnQXsLGjZRAw9sm12sUaxhqGK6gbi5U=", "utf8"=>"✓", "password"=>"[FILTERED]", "email"=>"tibshoot"}
  [1m[35mUser Load (0.2ms)[0m  SELECT "users".* FROM "users" WHERE ("users"."login" IS NULL) LIMIT 1
Rendered sessions/new.html.erb within layouts/application (5.9ms)
Completed 200 OK in 23ms (Views: 12.7ms | ActiveRecord: 0.2ms)


Started POST "/sessions" for 127.0.0.1 at Thu Jun 02 00:49:08 +0200 2011
  Processing by SessionsController#create as HTML
  Parameters: {"commit"=>"Log in", "authenticity_token"=>"BwdNjmiXNH/dbnQXsLGjZRAw9sm12sUaxhqGK6gbi5U=", "utf8"=>"✓", "password"=>"[FILTERED]", "login"=>"tibshoot"}
  [1m[36mUser Load (0.2ms)[0m  [1mSELECT "users".* FROM "users" WHERE ("users"."login" = 'tibshoot') LIMIT 1[0m
Redirected to http://127.0.0.1:3000/
Completed 302 Found in 115ms


Started GET "/" for 127.0.0.1 at Thu Jun 02 00:49:08 +0200 2011
  Processing by CategoriesController#list as HTML
  Parameters: {"id"=>0}
  [1m[35mCategory Load (0.2ms)[0m  SELECT "categories".* FROM "categories" WHERE ("categories"."parent_id" = 0)
  [1m[36mTerm Load (0.2ms)[0m  [1mSELECT "terms".* FROM "terms" WHERE ("terms"."category_id" = 0)[0m
  [1m[35mUser Load (0.2ms)[0m  SELECT "users".* FROM "users" WHERE ("users"."id" = 1) LIMIT 1
Rendered categories/list.html.erb within layouts/application (100.6ms)
Completed 200 OK in 132ms (Views: 112.7ms | ActiveRecord: 0.6ms)


Started GET "/log_out" for 127.0.0.1 at Thu Jun 02 00:49:15 +0200 2011
  Processing by SessionsController#destroy as HTML
Redirected to http://127.0.0.1:3000/
Completed 302 Found in 1ms


Started GET "/" for 127.0.0.1 at Thu Jun 02 00:49:15 +0200 2011
  Processing by CategoriesController#list as HTML
  Parameters: {"id"=>0}
Redirected to http://127.0.0.1:3000/sessions/new
Completed 302 Found in 1ms


Started GET "/sessions/new" for 127.0.0.1 at Thu Jun 02 00:49:15 +0200 2011
  Processing by SessionsController#new as HTML
Rendered sessions/new.html.erb within layouts/application (4.8ms)
Completed 200 OK in 12ms (Views: 11.1ms | ActiveRecord: 0.0ms)


Started POST "/sessions" for 127.0.0.1 at Thu Jun 02 00:49:23 +0200 2011
  Processing by SessionsController#create as HTML
  Parameters: {"commit"=>"Log in", "authenticity_token"=>"BwdNjmiXNH/dbnQXsLGjZRAw9sm12sUaxhqGK6gbi5U=", "utf8"=>"✓", "password"=>"[FILTERED]", "login"=>"tibshoot"}
  [1m[36mUser Load (0.3ms)[0m  [1mSELECT "users".* FROM "users" WHERE ("users"."login" = 'tibshoot') LIMIT 1[0m
Redirected to http://127.0.0.1:3000/
Completed 302 Found in 113ms


Started GET "/" for 127.0.0.1 at Thu Jun 02 00:49:23 +0200 2011
  Processing by CategoriesController#list as HTML
  Parameters: {"id"=>0}
  [1m[35mCategory Load (0.2ms)[0m  SELECT "categories".* FROM "categories" WHERE ("categories"."parent_id" = 0)
  [1m[36mTerm Load (0.2ms)[0m  [1mSELECT "terms".* FROM "terms" WHERE ("terms"."category_id" = 0)[0m
  [1m[35mUser Load (0.2ms)[0m  SELECT "users".* FROM "users" WHERE ("users"."id" = 1) LIMIT 1
Rendered categories/list.html.erb within layouts/application (24.6ms)
Completed 200 OK in 53ms (Views: 35.5ms | ActiveRecord: 0.6ms)


Started GET "/categories/0/add" for 127.0.0.1 at Thu Jun 02 00:49:26 +0200 2011
  Processing by CategoriesController#add as HTML
  Parameters: {"id"=>"0"}
Rendered categories/_form.html.erb (3.6ms)
  [1m[36mUser Load (0.2ms)[0m  [1mSELECT "users".* FROM "users" WHERE ("users"."id" = 1) LIMIT 1[0m
Rendered categories/add.html.erb within layouts/application (21.8ms)
Completed 200 OK in 42ms (Views: 28.3ms | ActiveRecord: 0.2ms)


Started GET "/categories/0/list" for 127.0.0.1 at Thu Jun 02 00:49:28 +0200 2011
  Processing by CategoriesController#list as HTML
  Parameters: {"id"=>"0"}
  [1m[35mCategory Load (0.2ms)[0m  SELECT "categories".* FROM "categories" WHERE ("categories"."parent_id" = 0)
  [1m[36mTerm Load (0.2ms)[0m  [1mSELECT "terms".* FROM "terms" WHERE ("terms"."category_id" = 0)[0m
  [1m[35mUser Load (0.2ms)[0m  SELECT "users".* FROM "users" WHERE ("users"."id" = 1) LIMIT 1
Rendered categories/list.html.erb within layouts/application (20.4ms)
Completed 200 OK in 47ms (Views: 27.5ms | ActiveRecord: 0.7ms)


Started GET "/sessions/new" for 127.0.0.1 at Thu Jun 02 01:44:57 +0200 2011
  Processing by SessionsController#new as HTML
  [1m[36mSQL (0.5ms)[0m  [1m SELECT name
 FROM sqlite_master
 WHERE type = 'table' AND NOT name = 'sqlite_sequence'
[0m
  [1m[35mUser Load (0.2ms)[0m  SELECT "users".* FROM "users" WHERE ("users"."id" = 1) LIMIT 1
Rendered sessions/new.html.erb within layouts/application (113.1ms)
Completed 200 OK in 120ms (Views: 118.8ms | ActiveRecord: 0.7ms)
